<?xml version="1.0" encoding="UTF-8"?>
<testng-results ignored="0" total="2" passed="2" failed="0" skipped="0">
  <reporter-output>
  </reporter-output>
  <suite started-at="2024-12-28T23:26:01 BRT" name="Default suite" finished-at="2024-12-28T23:26:05 BRT" duration-ms="3377">
    <groups>
    </groups>
    <test started-at="2024-12-28T23:26:01 BRT" name="Default test" finished-at="2024-12-28T23:26:05 BRT" duration-ms="3377">
      <class name="tests.TestsExamples">
        <test-method signature="test_1()[pri:0, instance:tests.TestsExamples@dd8ba08]" started-at="2024-12-28T23:26:01 BRT" name="test_1" finished-at="2024-12-28T23:26:04 BRT" duration-ms="2338" status="PASS">
          <reporter-output>
          </reporter-output>
        </test-method> <!-- test_1 -->
        <test-method signature="test_2()[pri:0, instance:tests.TestsExamples@dd8ba08]" started-at="2024-12-28T23:26:04 BRT" name="test_2" finished-at="2024-12-28T23:26:05 BRT" duration-ms="976" status="PASS">
          <reporter-output>
          </reporter-output>
        </test-method> <!-- test_2 -->
      </class> <!-- tests.TestsExamples -->
    </test> <!-- Default test -->
  </suite> <!-- Default suite -->
</testng-results>
